2026-03-09 15:18:22Z - Starting bot
2026-03-09 15:20:47Z - Starting bot
2026-03-09 15:23:47Z - Starting bot
D:\Projects\Game bot\discord-free-games-bot\bot.py:25: DeprecationWarning: datetime.datetime.utcnow() is deprecated and scheduled for removal in a future version. Use timezone-aware objects to represent datetimes in UTC: datetime.datetime.now(datetime.UTC).
  print(f"{_dt.utcnow().isoformat()}Z - Bot process started (logging redirected)")
2026-03-09T07:23:50.676465Z - Bot process started (logging redirected)
[2026-03-09 15:23:50] [INFO    ] discord.client: logging in using static token
[2026-03-09 15:23:52] [INFO    ] discord.gateway: Shard ID None has connected to Gateway (Session ID: 72790f5c618d8c641dd2452fe221a6ce).
Game Catcher#0114 has connected to Discord!
Bot is in 2 server(s)
Synced 5 slash command(s)
Started checking for free games every 1 hour(s)
Registered slash command: /commands - Show all available bot commands
Registered slash command: /epicgames - Show current Epic Games free games
Registered slash command: /steamgames - Show current Steam free games
Registered slash command: /allgames - Show all free games from both Epic and Steam
Registered slash command: /dlconly - Show only DLC/add-on giveaways
[2026-03-09 15:23:54.630626] Checking for free games...
  No new free games found.
2026-03-09 15:30:23Z - Starting bot
D:\Projects\Game bot\discord-free-games-bot\bot.py:25: DeprecationWarning: datetime.datetime.utcnow() is deprecated and scheduled for removal in a future version. Use timezone-aware objects to represent datetimes in UTC: datetime.datetime.now(datetime.UTC).
  print(f"{_dt.utcnow().isoformat()}Z - Bot process started (logging redirected)")
2026-03-09T07:30:27.474476Z - Bot process started (logging redirected)
[2026-03-09 15:30:27] [INFO    ] discord.client: logging in using static token
[2026-03-09 15:30:29] [INFO    ] discord.gateway: Shard ID None has connected to Gateway (Session ID: 1ceaafc5a36bc086efeee45c54cb23cf).
Game Catcher#0114 has connected to Discord!
Bot is in 2 server(s)
Synced 5 slash command(s)
Started checking for free games every 1 hour(s)
Registered slash command: /commands - Show all available bot commands
Registered slash command: /epicgames - Show current Epic Games free games
Registered slash command: /steamgames - Show current Steam free games
Registered slash command: /allgames - Show all free games from both Epic and Steam
Registered slash command: /dlconly - Show only DLC/add-on giveaways
[2026-03-09 15:30:31.667509] Checking for free games...
  No new free games found.
[/epicgames invoked]
[2026-03-09 15:33:25] [ERROR   ] discord.client: Attempting a reconnect in 0.27s
Traceback (most recent call last):
  File "D:\Projects\Game bot\discord-free-games-bot\.venv\Lib\site-packages\aiohttp\connector.py", line 1562, in _create_direct_connection
    hosts = await self._resolve_host(host, port, traces=traces)
            ^^^^^^^^^^^^^^^^^^^^^^^^^^^^^^^^^^^^^^^^^^^^^^^^^^^
  File "D:\Projects\Game bot\discord-free-games-bot\.venv\Lib\site-packages\aiohttp\connector.py", line 1178, in _resolve_host
    return await asyncio.shield(resolved_host_task)
           ^^^^^^^^^^^^^^^^^^^^^^^^^^^^^^^^^^^^^^^^
  File "D:\Projects\Game bot\discord-free-games-bot\.venv\Lib\site-packages\aiohttp\connector.py", line 1209, in _resolve_host_with_throttle
    addrs = await self._resolver.resolve(host, port, family=self._family)
            ^^^^^^^^^^^^^^^^^^^^^^^^^^^^^^^^^^^^^^^^^^^^^^^^^^^^^^^^^^^^^
  File "D:\Projects\Game bot\discord-free-games-bot\.venv\Lib\site-packages\aiohttp\resolver.py", line 40, in resolve
    infos = await self._loop.getaddrinfo(
            ^^^^^^^^^^^^^^^^^^^^^^^^^^^^^
    ...<5 lines>...
    )
    ^
  File "C:\Users\Arvin\AppData\Local\Python\pythoncore-3.14-64\Lib\asyncio\base_events.py", line 936, in getaddrinfo
    return await self.run_in_executor(
           ^^^^^^^^^^^^^^^^^^^^^^^^^^^
        None, getaddr_func, host, port, family, type, proto, flags)
        ^^^^^^^^^^^^^^^^^^^^^^^^^^^^^^^^^^^^^^^^^^^^^^^^^^^^^^^^^^^
  File "C:\Users\Arvin\AppData\Local\Python\pythoncore-3.14-64\Lib\concurrent\futures\thread.py", line 86, in run
    result = ctx.run(self.task)
  File "C:\Users\Arvin\AppData\Local\Python\pythoncore-3.14-64\Lib\concurrent\futures\thread.py", line 73, in run
    return fn(*args, **kwargs)
  File "C:\Users\Arvin\AppData\Local\Python\pythoncore-3.14-64\Lib\socket.py", line 983, in getaddrinfo
    for res in _socket.getaddrinfo(host, port, family, type, proto, flags):
               ~~~~~~~~~~~~~~~~~~~^^^^^^^^^^^^^^^^^^^^^^^^^^^^^^^^^^^^^^^^
socket.gaierror: [Errno 11001] getaddrinfo failed

The above exception was the direct cause of the following exception:

Traceback (most recent call last):
  File "D:\Projects\Game bot\discord-free-games-bot\.venv\Lib\site-packages\discord\client.py", line 728, in connect
    self.ws = await asyncio.wait_for(coro, timeout=60.0)
              ^^^^^^^^^^^^^^^^^^^^^^^^^^^^^^^^^^^^^^^^^^
  File "C:\Users\Arvin\AppData\Local\Python\pythoncore-3.14-64\Lib\asyncio\tasks.py", line 488, in wait_for
    return await fut
           ^^^^^^^^^
  File "D:\Projects\Game bot\discord-free-games-bot\.venv\Lib\site-packages\discord\gateway.py", line 392, in from_client
    socket = await client.http.ws_connect(str(url))
             ^^^^^^^^^^^^^^^^^^^^^^^^^^^^^^^^^^^^^^
  File "D:\Projects\Game bot\discord-free-games-bot\.venv\Lib\site-packages\discord\http.py", line 571, in ws_connect
    return await self.__session.ws_connect(url, **kwargs)
           ^^^^^^^^^^^^^^^^^^^^^^^^^^^^^^^^^^^^^^^^^^^^^^
  File "D:\Projects\Game bot\discord-free-games-bot\.venv\Lib\site-packages\aiohttp\client.py", line 1076, in _ws_connect
    resp = await self.request(
           ^^^^^^^^^^^^^^^^^^^
    ...<11 lines>...
    )
    ^
  File "D:\Projects\Game bot\discord-free-games-bot\.venv\Lib\site-packages\aiohttp\client.py", line 779, in _request
    resp = await handler(req)
           ^^^^^^^^^^^^^^^^^^
  File "D:\Projects\Game bot\discord-free-games-bot\.venv\Lib\site-packages\aiohttp\client.py", line 734, in _connect_and_send_request
    conn = await self._connector.connect(
           ^^^^^^^^^^^^^^^^^^^^^^^^^^^^^^
        req, traces=traces, timeout=real_timeout
        ^^^^^^^^^^^^^^^^^^^^^^^^^^^^^^^^^^^^^^^^
    )
    ^
  File "D:\Projects\Game bot\discord-free-games-bot\.venv\Lib\site-packages\aiohttp\connector.py", line 672, in connect
    proto = await self._create_connection(req, traces, timeout)
            ^^^^^^^^^^^^^^^^^^^^^^^^^^^^^^^^^^^^^^^^^^^^^^^^^^^
  File "D:\Projects\Game bot\discord-free-games-bot\.venv\Lib\site-packages\aiohttp\connector.py", line 1239, in _create_connection
    _, proto = await self._create_direct_connection(req, traces, timeout)
               ^^^^^^^^^^^^^^^^^^^^^^^^^^^^^^^^^^^^^^^^^^^^^^^^^^^^^^^^^^
  File "D:\Projects\Game bot\discord-free-games-bot\.venv\Lib\site-packages\aiohttp\connector.py", line 1568, in _create_direct_connection
    raise ClientConnectorDNSError(req.connection_key, exc) from exc
aiohttp.client_exceptions.ClientConnectorDNSError: Cannot connect to host gateway-us-east1-d.discord.gg:443 ssl:default [getaddrinfo failed]
[2026-03-09 15:33:33] [ERROR   ] discord.client: Attempting a reconnect in 1.93s
Traceback (most recent call last):
  File "D:\Projects\Game bot\discord-free-games-bot\.venv\Lib\site-packages\aiohttp\connector.py", line 1562, in _create_direct_connection
    hosts = await self._resolve_host(host, port, traces=traces)
            ^^^^^^^^^^^^^^^^^^^^^^^^^^^^^^^^^^^^^^^^^^^^^^^^^^^
  File "D:\Projects\Game bot\discord-free-games-bot\.venv\Lib\site-packages\aiohttp\connector.py", line 1178, in _resolve_host
    return await asyncio.shield(resolved_host_task)
           ^^^^^^^^^^^^^^^^^^^^^^^^^^^^^^^^^^^^^^^^
  File "D:\Projects\Game bot\discord-free-games-bot\.venv\Lib\site-packages\aiohttp\connector.py", line 1209, in _resolve_host_with_throttle
    addrs = await self._resolver.resolve(host, port, family=self._family)
            ^^^^^^^^^^^^^^^^^^^^^^^^^^^^^^^^^^^^^^^^^^^^^^^^^^^^^^^^^^^^^
  File "D:\Projects\Game bot\discord-free-games-bot\.venv\Lib\site-packages\aiohttp\resolver.py", line 40, in resolve
    infos = await self._loop.getaddrinfo(
            ^^^^^^^^^^^^^^^^^^^^^^^^^^^^^
    ...<5 lines>...
    )
    ^
  File "C:\Users\Arvin\AppData\Local\Python\pythoncore-3.14-64\Lib\asyncio\base_events.py", line 936, in getaddrinfo
    return await self.run_in_executor(
           ^^^^^^^^^^^^^^^^^^^^^^^^^^^
        None, getaddr_func, host, port, family, type, proto, flags)
        ^^^^^^^^^^^^^^^^^^^^^^^^^^^^^^^^^^^^^^^^^^^^^^^^^^^^^^^^^^^
  File "C:\Users\Arvin\AppData\Local\Python\pythoncore-3.14-64\Lib\concurrent\futures\thread.py", line 86, in run
    result = ctx.run(self.task)
  File "C:\Users\Arvin\AppData\Local\Python\pythoncore-3.14-64\Lib\concurrent\futures\thread.py", line 73, in run
    return fn(*args, **kwargs)
  File "C:\Users\Arvin\AppData\Local\Python\pythoncore-3.14-64\Lib\socket.py", line 983, in getaddrinfo
    for res in _socket.getaddrinfo(host, port, family, type, proto, flags):
               ~~~~~~~~~~~~~~~~~~~^^^^^^^^^^^^^^^^^^^^^^^^^^^^^^^^^^^^^^^^
socket.gaierror: [Errno 11004] getaddrinfo failed

The above exception was the direct cause of the following exception:

Traceback (most recent call last):
  File "D:\Projects\Game bot\discord-free-games-bot\.venv\Lib\site-packages\discord\client.py", line 728, in connect
    self.ws = await asyncio.wait_for(coro, timeout=60.0)
              ^^^^^^^^^^^^^^^^^^^^^^^^^^^^^^^^^^^^^^^^^^
  File "C:\Users\Arvin\AppData\Local\Python\pythoncore-3.14-64\Lib\asyncio\tasks.py", line 488, in wait_for
    return await fut
           ^^^^^^^^^
  File "D:\Projects\Game bot\discord-free-games-bot\.venv\Lib\site-packages\discord\gateway.py", line 392, in from_client
    socket = await client.http.ws_connect(str(url))
             ^^^^^^^^^^^^^^^^^^^^^^^^^^^^^^^^^^^^^^
  File "D:\Projects\Game bot\discord-free-games-bot\.venv\Lib\site-packages\discord\http.py", line 571, in ws_connect
    return await self.__session.ws_connect(url, **kwargs)
           ^^^^^^^^^^^^^^^^^^^^^^^^^^^^^^^^^^^^^^^^^^^^^^
  File "D:\Projects\Game bot\discord-free-games-bot\.venv\Lib\site-packages\aiohttp\client.py", line 1076, in _ws_connect
    resp = await self.request(
           ^^^^^^^^^^^^^^^^^^^
    ...<11 lines>...
    )
    ^
  File "D:\Projects\Game bot\discord-free-games-bot\.venv\Lib\site-packages\aiohttp\client.py", line 779, in _request
    resp = await handler(req)
           ^^^^^^^^^^^^^^^^^^
  File "D:\Projects\Game bot\discord-free-games-bot\.venv\Lib\site-packages\aiohttp\client.py", line 734, in _connect_and_send_request
    conn = await self._connector.connect(
           ^^^^^^^^^^^^^^^^^^^^^^^^^^^^^^
        req, traces=traces, timeout=real_timeout
        ^^^^^^^^^^^^^^^^^^^^^^^^^^^^^^^^^^^^^^^^
    )
    ^
  File "D:\Projects\Game bot\discord-free-games-bot\.venv\Lib\site-packages\aiohttp\connector.py", line 672, in connect
    proto = await self._create_connection(req, traces, timeout)
            ^^^^^^^^^^^^^^^^^^^^^^^^^^^^^^^^^^^^^^^^^^^^^^^^^^^
  File "D:\Projects\Game bot\discord-free-games-bot\.venv\Lib\site-packages\aiohttp\connector.py", line 1239, in _create_connection
    _, proto = await self._create_direct_connection(req, traces, timeout)
               ^^^^^^^^^^^^^^^^^^^^^^^^^^^^^^^^^^^^^^^^^^^^^^^^^^^^^^^^^^
  File "D:\Projects\Game bot\discord-free-games-bot\.venv\Lib\site-packages\aiohttp\connector.py", line 1568, in _create_direct_connection
    raise ClientConnectorDNSError(req.connection_key, exc) from exc
aiohttp.client_exceptions.ClientConnectorDNSError: Cannot connect to host gateway-us-east1-d.discord.gg:443 ssl:default [getaddrinfo failed]
[2026-03-09 15:33:35] [ERROR   ] discord.client: Attempting a reconnect in 1.89s
Traceback (most recent call last):
  File "D:\Projects\Game bot\discord-free-games-bot\.venv\Lib\site-packages\aiohttp\connector.py", line 1562, in _create_direct_connection
    hosts = await self._resolve_host(host, port, traces=traces)
            ^^^^^^^^^^^^^^^^^^^^^^^^^^^^^^^^^^^^^^^^^^^^^^^^^^^
  File "D:\Projects\Game bot\discord-free-games-bot\.venv\Lib\site-packages\aiohttp\connector.py", line 1178, in _resolve_host
    return await asyncio.shield(resolved_host_task)
           ^^^^^^^^^^^^^^^^^^^^^^^^^^^^^^^^^^^^^^^^
  File "D:\Projects\Game bot\discord-free-games-bot\.venv\Lib\site-packages\aiohttp\connector.py", line 1209, in _resolve_host_with_throttle
    addrs = await self._resolver.resolve(host, port, family=self._family)
            ^^^^^^^^^^^^^^^^^^^^^^^^^^^^^^^^^^^^^^^^^^^^^^^^^^^^^^^^^^^^^
  File "D:\Projects\Game bot\discord-free-games-bot\.venv\Lib\site-packages\aiohttp\resolver.py", line 40, in resolve
    infos = await self._loop.getaddrinfo(
            ^^^^^^^^^^^^^^^^^^^^^^^^^^^^^
    ...<5 lines>...
    )
    ^
  File "C:\Users\Arvin\AppData\Local\Python\pythoncore-3.14-64\Lib\asyncio\base_events.py", line 936, in getaddrinfo
    return await self.run_in_executor(
           ^^^^^^^^^^^^^^^^^^^^^^^^^^^
        None, getaddr_func, host, port, family, type, proto, flags)
        ^^^^^^^^^^^^^^^^^^^^^^^^^^^^^^^^^^^^^^^^^^^^^^^^^^^^^^^^^^^
  File "C:\Users\Arvin\AppData\Local\Python\pythoncore-3.14-64\Lib\concurrent\futures\thread.py", line 86, in run
    result = ctx.run(self.task)
  File "C:\Users\Arvin\AppData\Local\Python\pythoncore-3.14-64\Lib\concurrent\futures\thread.py", line 73, in run
    return fn(*args, **kwargs)
  File "C:\Users\Arvin\AppData\Local\Python\pythoncore-3.14-64\Lib\socket.py", line 983, in getaddrinfo
    for res in _socket.getaddrinfo(host, port, family, type, proto, flags):
               ~~~~~~~~~~~~~~~~~~~^^^^^^^^^^^^^^^^^^^^^^^^^^^^^^^^^^^^^^^^
socket.gaierror: [Errno 11004] getaddrinfo failed

The above exception was the direct cause of the following exception:

Traceback (most recent call last):
  File "D:\Projects\Game bot\discord-free-games-bot\.venv\Lib\site-packages\discord\client.py", line 728, in connect
    self.ws = await asyncio.wait_for(coro, timeout=60.0)
              ^^^^^^^^^^^^^^^^^^^^^^^^^^^^^^^^^^^^^^^^^^
  File "C:\Users\Arvin\AppData\Local\Python\pythoncore-3.14-64\Lib\asyncio\tasks.py", line 488, in wait_for
    return await fut
           ^^^^^^^^^
  File "D:\Projects\Game bot\discord-free-games-bot\.venv\Lib\site-packages\discord\gateway.py", line 392, in from_client
    socket = await client.http.ws_connect(str(url))
             ^^^^^^^^^^^^^^^^^^^^^^^^^^^^^^^^^^^^^^
  File "D:\Projects\Game bot\discord-free-games-bot\.venv\Lib\site-packages\discord\http.py", line 571, in ws_connect
    return await self.__session.ws_connect(url, **kwargs)
           ^^^^^^^^^^^^^^^^^^^^^^^^^^^^^^^^^^^^^^^^^^^^^^
  File "D:\Projects\Game bot\discord-free-games-bot\.venv\Lib\site-packages\aiohttp\client.py", line 1076, in _ws_connect
    resp = await self.request(
           ^^^^^^^^^^^^^^^^^^^
    ...<11 lines>...
    )
    ^
  File "D:\Projects\Game bot\discord-free-games-bot\.venv\Lib\site-packages\aiohttp\client.py", line 779, in _request
    resp = await handler(req)
           ^^^^^^^^^^^^^^^^^^
  File "D:\Projects\Game bot\discord-free-games-bot\.venv\Lib\site-packages\aiohttp\client.py", line 734, in _connect_and_send_request
    conn = await self._connector.connect(
           ^^^^^^^^^^^^^^^^^^^^^^^^^^^^^^
        req, traces=traces, timeout=real_timeout
        ^^^^^^^^^^^^^^^^^^^^^^^^^^^^^^^^^^^^^^^^
    )
    ^
  File "D:\Projects\Game bot\discord-free-games-bot\.venv\Lib\site-packages\aiohttp\connector.py", line 672, in connect
    proto = await self._create_connection(req, traces, timeout)
            ^^^^^^^^^^^^^^^^^^^^^^^^^^^^^^^^^^^^^^^^^^^^^^^^^^^
  File "D:\Projects\Game bot\discord-free-games-bot\.venv\Lib\site-packages\aiohttp\connector.py", line 1239, in _create_connection
    _, proto = await self._create_direct_connection(req, traces, timeout)
               ^^^^^^^^^^^^^^^^^^^^^^^^^^^^^^^^^^^^^^^^^^^^^^^^^^^^^^^^^^
  File "D:\Projects\Game bot\discord-free-games-bot\.venv\Lib\site-packages\aiohttp\connector.py", line 1568, in _create_direct_connection
    raise ClientConnectorDNSError(req.connection_key, exc) from exc
aiohttp.client_exceptions.ClientConnectorDNSError: Cannot connect to host gateway-us-east1-d.discord.gg:443 ssl:default [getaddrinfo failed]
[2026-03-09 15:33:37] [INFO    ] discord.gateway: Shard ID None has successfully RESUMED session 1ceaafc5a36bc086efeee45c54cb23cf.
2026-03-09 18:45:48Z - Starting bot
D:\Projects\Game bot\discord-free-games-bot\bot.py:25: DeprecationWarning: datetime.datetime.utcnow() is deprecated and scheduled for removal in a future version. Use timezone-aware objects to represent datetimes in UTC: datetime.datetime.now(datetime.UTC).
  print(f"{_dt.utcnow().isoformat()}Z - Bot process started (logging redirected)")
2026-03-09T10:45:53.181172Z - Bot process started (logging redirected)
[2026-03-09 18:45:53] [INFO    ] discord.client: logging in using static token
[2026-03-09 18:45:54] [INFO    ] discord.gateway: Shard ID None has connected to Gateway (Session ID: f6370f64780f00dfb64dec0ea78b2a29).
Game Catcher#0114 has connected to Discord!
Bot is in 2 server(s)
Synced 5 slash command(s)
Started checking for free games every 1 hour(s)
Registered slash command: /commands - Show all available bot commands
Registered slash command: /epicgames - Show current Epic Games free games
Registered slash command: /steamgames - Show current Steam free games
Registered slash command: /allgames - Show all free games from both Epic and Steam
Registered slash command: /dlconly - Show only DLC/add-on giveaways
[2026-03-09 18:45:57.280968] Checking for free games...
  No new free games found.
[2026-03-09 19:45:57.285184] Checking for free games...
  No new free games found.
2026-03-10 14:12:18Z - Starting bot
D:\Projects\Game bot\discord-free-games-bot\bot.py:25: DeprecationWarning: datetime.datetime.utcnow() is deprecated and scheduled for removal in a future version. Use timezone-aware objects to represent datetimes in UTC: datetime.datetime.now(datetime.UTC).
  print(f"{_dt.utcnow().isoformat()}Z - Bot process started (logging redirected)")
2026-03-10T06:12:22.818070Z - Bot process started (logging redirected)
[2026-03-10 14:12:22] [INFO    ] discord.client: logging in using static token
[2026-03-10 14:12:24] [INFO    ] discord.gateway: Shard ID None has connected to Gateway (Session ID: edd162dbd087844627412724212bac8b).
Game Catcher#0114 has connected to Discord!
Bot is in 2 server(s)
Synced 5 slash command(s)
Started checking for free games every 1 hour(s)
Registered slash command: /commands - Show all available bot commands
Registered slash command: /epicgames - Show current Epic Games free games
Registered slash command: /steamgames - Show current Steam free games
Registered slash command: /allgames - Show all free games from both Epic and Steam
Registered slash command: /dlconly - Show only DLC/add-on giveaways
[2026-03-10 14:12:26.906818] Checking for free games...
  ✓ Announced Steam game: Deponia
  Database updated!
[2026-03-10 14:46:28] [INFO    ] discord.gateway: Shard ID None has successfully RESUMED session edd162dbd087844627412724212bac8b.
[2026-03-10 15:12:26.909778] Checking for free games...
  No new free games found.
[2026-03-10 16:12:26.908479] Checking for free games...
  No new free games found.
[2026-03-10 17:12:26.917579] Checking for free games...
  No new free games found.
2026-03-11 13:05:00Z - Starting bot
D:\Projects\Game bot\discord-free-games-bot\bot.py:25: DeprecationWarning: datetime.datetime.utcnow() is deprecated and scheduled for removal in a future version. Use timezone-aware objects to represent datetimes in UTC: datetime.datetime.now(datetime.UTC).
  print(f"{_dt.utcnow().isoformat()}Z - Bot process started (logging redirected)")
2026-03-11T05:05:04.537338Z - Bot process started (logging redirected)
[2026-03-11 13:05:04] [INFO    ] discord.client: logging in using static token
[2026-03-11 13:05:06] [INFO    ] discord.gateway: Shard ID None has connected to Gateway (Session ID: dc7e24c3dc78eeb01b634966133509bb).
Game Catcher#0114 has connected to Discord!
Bot is in 2 server(s)
Synced 5 slash command(s)
Started checking for free games every 1 hour(s)
Registered slash command: /commands - Show all available bot commands
Registered slash command: /epicgames - Show current Epic Games free games
Registered slash command: /steamgames - Show current Steam free games
Registered slash command: /allgames - Show all free games from both Epic and Steam
Registered slash command: /dlconly - Show only DLC/add-on giveaways
[2026-03-11 13:05:08.474277] Checking for free games...
  No new free games found.
[2026-03-11 13:38:07] [INFO    ] discord.gateway: Shard ID None has successfully RESUMED session dc7e24c3dc78eeb01b634966133509bb.
[2026-03-11 14:05:08.483698] Checking for free games...
  No new free games found.
[2026-03-11 15:05:08.488680] Checking for free games...
  No new free games found.
[2026-03-11 15:28:28] [INFO    ] discord.gateway: Shard ID None has successfully RESUMED session dc7e24c3dc78eeb01b634966133509bb.
[2026-03-11 15:56:26] [INFO    ] discord.gateway: Shard ID None has successfully RESUMED session dc7e24c3dc78eeb01b634966133509bb.
[2026-03-11 16:05:08.474819] Checking for free games...
  No new free games found.
[2026-03-11 17:05:08.483273] Checking for free games...
  No new free games found.
[2026-03-11 18:05:08.485355] Checking for free games...
  No new free games found.
[2026-03-11 18:19:31] [INFO    ] discord.gateway: Shard ID None has successfully RESUMED session dc7e24c3dc78eeb01b634966133509bb.
2026-03-11 19:55:10Z - Starting bot
D:\Projects\Game bot\discord-free-games-bot\bot.py:25: DeprecationWarning: datetime.datetime.utcnow() is deprecated and scheduled for removal in a future version. Use timezone-aware objects to represent datetimes in UTC: datetime.datetime.now(datetime.UTC).
  print(f"{_dt.utcnow().isoformat()}Z - Bot process started (logging redirected)")
2026-03-11T11:55:15.917968Z - Bot process started (logging redirected)
[2026-03-11 19:55:15] [INFO    ] discord.client: logging in using static token
[2026-03-11 19:55:17] [INFO    ] discord.gateway: Shard ID None has connected to Gateway (Session ID: a45738ee8c63cc4af2b514e454556f57).
Game Catcher#0114 has connected to Discord!
Bot is in 2 server(s)
Synced 5 slash command(s)
Started checking for free games every 1 hour(s)
Registered slash command: /commands - Show all available bot commands
Registered slash command: /epicgames - Show current Epic Games free games
Registered slash command: /steamgames - Show current Steam free games
Registered slash command: /allgames - Show all free games from both Epic and Steam
Registered slash command: /dlconly - Show only DLC/add-on giveaways
[2026-03-11 19:55:20.051225] Checking for free games...
  No new free games found.
[2026-03-11 20:55:20.058462] Checking for free games...
  No new free games found.
[2026-03-11 21:55:02] [INFO    ] discord.gateway: Shard ID None has successfully RESUMED session a45738ee8c63cc4af2b514e454556f57.
[2026-03-11 21:55:20.052264] Checking for free games...
  No new free games found.
D:\Projects\Game bot\discord-free-games-bot\bot.py:25: DeprecationWarning: datetime.datetime.utcnow() is deprecated and scheduled for removal in a future version. Use timezone-aware objects to represent datetimes in UTC: datetime.datetime.now(datetime.UTC).
  print(f"{_dt.utcnow().isoformat()}Z - Bot process started (logging redirected)")
2026-03-11T14:17:14.342091Z - Bot process started (logging redirected)
[2026-03-11 22:17:14] [INFO    ] discord.client: logging in using static token
[2026-03-11 22:17:16] [INFO    ] discord.gateway: Shard ID None has connected to Gateway (Session ID: 0ce0c9149a3dd0a127afa350dfdce710).
Game Catcher#0114 has connected to Discord!
Bot is in 2 server(s)
Synced 5 slash command(s)
Started checking for free games every 1 hour(s)
Registered slash command: /commands - Show all available bot commands
Registered slash command: /epicgames - Show current Epic Games free games
Registered slash command: /steamgames - Show current Steam free games
Registered slash command: /allgames - Show all free games from both Epic and Steam
Registered slash command: /dlconly - Show only DLC/add-on giveaways
[2026-03-11 22:17:18.577996] Checking for free games...
  No new free games found.
[/allgames invoked]
[/allgames invoked]
[/allgames error] 404 Not Found (error code: 10062): Unknown interaction
Traceback (most recent call last):
  File "D:\Projects\Game bot\discord-free-games-bot\bot.py", line 700, in slash_all_games
    games = await asyncio.wait_for(asyncio.to_thread(get_steam_free_games), timeout=15)
    ^^^^^^^^^^^^^^^^^^^^^^^^^^^^^^^^^^^^^^^^^^^
  File "D:\Projects\Game bot\discord-free-games-bot\.venv\Lib\site-packages\discord\interactions.py", line 892, in defer
    response = await adapter.create_interaction_response(
               ^^^^^^^^^^^^^^^^^^^^^^^^^^^^^^^^^^^^^^^^^^
    ...<6 lines>...
    )
    ^
  File "D:\Projects\Game bot\discord-free-games-bot\.venv\Lib\site-packages\discord\webhook\async_.py", line 224, in request
    raise NotFound(response, data)
discord.errors.NotFound: 404 Not Found (error code: 10062): Unknown interaction
[Slash Command Error] CommandInvokeError("Command 'allgames' raised an exception: NotFound: 404 Not Found (error code: 10062): Unknown interaction")
Traceback (most recent call last):
  File "D:\Projects\Game bot\discord-free-games-bot\bot.py", line 700, in slash_all_games
    games = await asyncio.wait_for(asyncio.to_thread(get_steam_free_games), timeout=15)
    ^^^^^^^^^^^^^^^^^^^^^^^^^^^^^^^^^^^^^^^^^^^
  File "D:\Projects\Game bot\discord-free-games-bot\.venv\Lib\site-packages\discord\interactions.py", line 892, in defer
    response = await adapter.create_interaction_response(
               ^^^^^^^^^^^^^^^^^^^^^^^^^^^^^^^^^^^^^^^^^^
    ...<6 lines>...
    )
    ^
  File "D:\Projects\Game bot\discord-free-games-bot\.venv\Lib\site-packages\discord\webhook\async_.py", line 224, in request
    raise NotFound(response, data)
discord.errors.NotFound: 404 Not Found (error code: 10062): Unknown interaction

During handling of the above exception, another exception occurred:

Traceback (most recent call last):
  File "D:\Projects\Game bot\discord-free-games-bot\.venv\Lib\site-packages\discord\app_commands\commands.py", line 859, in _do_call
    return await self._callback(interaction, **params)  # type: ignore
           ^^^^^^^^^^^^^^^^^^^^^^^^^^^^^^^^^^^^^^^^^^^
  File "D:\Projects\Game bot\discord-free-games-bot\bot.py", line 756, in slash_all_games
    # Send Steam Games
  File "D:\Projects\Game bot\discord-free-games-bot\.venv\Lib\site-packages\discord\interactions.py", line 1085, in send_message
    data = await adapter.create_interaction_response(
           ^^^^^^^^^^^^^^^^^^^^^^^^^^^^^^^^^^^^^^^^^^
    ...<6 lines>...
    )
    ^
  File "D:\Projects\Game bot\discord-free-games-bot\.venv\Lib\site-packages\discord\webhook\async_.py", line 224, in request
    raise NotFound(response, data)
discord.errors.NotFound: 404 Not Found (error code: 10062): Unknown interaction

The above exception was the direct cause of the following exception:

Traceback (most recent call last):
  File "D:\Projects\Game bot\discord-free-games-bot\.venv\Lib\site-packages\discord\app_commands\tree.py", line 1302, in _call
    await command._invoke_with_namespace(interaction, namespace)
  File "D:\Projects\Game bot\discord-free-games-bot\.venv\Lib\site-packages\discord\app_commands\commands.py", line 884, in _invoke_with_namespace
    return await self._do_call(interaction, transformed_values)
           ^^^^^^^^^^^^^^^^^^^^^^^^^^^^^^^^^^^^^^^^^^^^^^^^^^^^
  File "D:\Projects\Game bot\discord-free-games-bot\.venv\Lib\site-packages\discord\app_commands\commands.py", line 877, in _do_call
    raise CommandInvokeError(self, e) from e
discord.app_commands.errors.CommandInvokeError: Command 'allgames' raised an exception: NotFound: 404 Not Found (error code: 10062): Unknown interaction
[Error sending error message] 400 Bad Request (error code: 40060): Interaction has already been acknowledged.
[/allgames invoked]
[/allgames invoked]
[/allgames error] 404 Not Found (error code: 10062): Unknown interaction
Traceback (most recent call last):
  File "D:\Projects\Game bot\discord-free-games-bot\bot.py", line 718, in slash_all_games
    asyncio.wait_for(epic_task, timeout=12),
    ~~~~~~~~~~~~~~~~^^^^^^^^^^^^^^^^^^^^^^^
  File "D:\Projects\Game bot\discord-free-games-bot\.venv\Lib\site-packages\discord\interactions.py", line 892, in defer
    response = await adapter.create_interaction_response(
               ^^^^^^^^^^^^^^^^^^^^^^^^^^^^^^^^^^^^^^^^^^
    ...<6 lines>...
    )
    ^
  File "D:\Projects\Game bot\discord-free-games-bot\.venv\Lib\site-packages\discord\webhook\async_.py", line 224, in request
    raise NotFound(response, data)
discord.errors.NotFound: 404 Not Found (error code: 10062): Unknown interaction
[Slash Command Error] CommandInvokeError("Command 'allgames' raised an exception: HTTPException: 400 Bad Request (error code: 40060): Interaction has already been acknowledged.")
Traceback (most recent call last):
  File "D:\Projects\Game bot\discord-free-games-bot\bot.py", line 718, in slash_all_games
    asyncio.wait_for(epic_task, timeout=12),
    ~~~~~~~~~~~~~~~~^^^^^^^^^^^^^^^^^^^^^^^
  File "D:\Projects\Game bot\discord-free-games-bot\.venv\Lib\site-packages\discord\interactions.py", line 892, in defer
    response = await adapter.create_interaction_response(
               ^^^^^^^^^^^^^^^^^^^^^^^^^^^^^^^^^^^^^^^^^^
    ...<6 lines>...
    )
    ^
  File "D:\Projects\Game bot\discord-free-games-bot\.venv\Lib\site-packages\discord\webhook\async_.py", line 224, in request
    raise NotFound(response, data)
discord.errors.NotFound: 404 Not Found (error code: 10062): Unknown interaction

During handling of the above exception, another exception occurred:

Traceback (most recent call last):
  File "D:\Projects\Game bot\discord-free-games-bot\.venv\Lib\site-packages\discord\app_commands\commands.py", line 859, in _do_call
    return await self._callback(interaction, **params)  # type: ignore
           ^^^^^^^^^^^^^^^^^^^^^^^^^^^^^^^^^^^^^^^^^^^
  File "D:\Projects\Game bot\discord-free-games-bot\bot.py", line 774, in slash_all_games
    await interaction.response.defer(thinking=True)
        ^^^^^^^^^^^^^^^^^^^^^^^^^^^^^^^^^^^^^^^^^^^
  File "D:\Projects\Game bot\discord-free-games-bot\.venv\Lib\site-packages\discord\interactions.py", line 1085, in send_message
    data = await adapter.create_interaction_response(
           ^^^^^^^^^^^^^^^^^^^^^^^^^^^^^^^^^^^^^^^^^^
    ...<6 lines>...
    )
    ^
  File "D:\Projects\Game bot\discord-free-games-bot\.venv\Lib\site-packages\discord\webhook\async_.py", line 226, in request
    raise HTTPException(response, data)
discord.errors.HTTPException: 400 Bad Request (error code: 40060): Interaction has already been acknowledged.

The above exception was the direct cause of the following exception:

Traceback (most recent call last):
  File "D:\Projects\Game bot\discord-free-games-bot\.venv\Lib\site-packages\discord\app_commands\tree.py", line 1302, in _call
    await command._invoke_with_namespace(interaction, namespace)
  File "D:\Projects\Game bot\discord-free-games-bot\.venv\Lib\site-packages\discord\app_commands\commands.py", line 884, in _invoke_with_namespace
    return await self._do_call(interaction, transformed_values)
           ^^^^^^^^^^^^^^^^^^^^^^^^^^^^^^^^^^^^^^^^^^^^^^^^^^^^
  File "D:\Projects\Game bot\discord-free-games-bot\.venv\Lib\site-packages\discord\app_commands\commands.py", line 877, in _do_call
    raise CommandInvokeError(self, e) from e
discord.app_commands.errors.CommandInvokeError: Command 'allgames' raised an exception: HTTPException: 400 Bad Request (error code: 40060): Interaction has already been acknowledged.
[Error sending error message] 400 Bad Request (error code: 40060): Interaction has already been acknowledged.
[/allgames invoked]
[/allgames invoked]
[/allgames error] 404 Not Found (error code: 10062): Unknown interaction
Traceback (most recent call last):
  File "D:\Projects\Game bot\discord-free-games-bot\bot.py", line 718, in slash_all_games
    color=0xFEE75C
  File "D:\Projects\Game bot\discord-free-games-bot\.venv\Lib\site-packages\discord\interactions.py", line 892, in defer
    response = await adapter.create_interaction_response(
               ^^^^^^^^^^^^^^^^^^^^^^^^^^^^^^^^^^^^^^^^^^
    ...<6 lines>...
    )
    ^
  File "D:\Projects\Game bot\discord-free-games-bot\.venv\Lib\site-packages\discord\webhook\async_.py", line 224, in request
    raise NotFound(response, data)
discord.errors.NotFound: 404 Not Found (error code: 10062): Unknown interaction
[Slash Command Error] CommandInvokeError("Command 'allgames' raised an exception: HTTPException: 400 Bad Request (error code: 40060): Interaction has already been acknowledged.")
Traceback (most recent call last):
  File "D:\Projects\Game bot\discord-free-games-bot\bot.py", line 718, in slash_all_games
    color=0xFEE75C
  File "D:\Projects\Game bot\discord-free-games-bot\.venv\Lib\site-packages\discord\interactions.py", line 892, in defer
    response = await adapter.create_interaction_response(
               ^^^^^^^^^^^^^^^^^^^^^^^^^^^^^^^^^^^^^^^^^^
    ...<6 lines>...
    )
    ^
  File "D:\Projects\Game bot\discord-free-games-bot\.venv\Lib\site-packages\discord\webhook\async_.py", line 224, in request
    raise NotFound(response, data)
discord.errors.NotFound: 404 Not Found (error code: 10062): Unknown interaction

During handling of the above exception, another exception occurred:

Traceback (most recent call last):
  File "D:\Projects\Game bot\discord-free-games-bot\.venv\Lib\site-packages\discord\app_commands\commands.py", line 859, in _do_call
    return await self._callback(interaction, **params)  # type: ignore
           ^^^^^^^^^^^^^^^^^^^^^^^^^^^^^^^^^^^^^^^^^^^
  File "D:\Projects\Game bot\discord-free-games-bot\bot.py", line 774, in slash_all_games
    return
  File "D:\Projects\Game bot\discord-free-games-bot\.venv\Lib\site-packages\discord\interactions.py", line 1085, in send_message
    data = await adapter.create_interaction_response(
           ^^^^^^^^^^^^^^^^^^^^^^^^^^^^^^^^^^^^^^^^^^
    ...<6 lines>...
    )
    ^
  File "D:\Projects\Game bot\discord-free-games-bot\.venv\Lib\site-packages\discord\webhook\async_.py", line 226, in request
    raise HTTPException(response, data)
discord.errors.HTTPException: 400 Bad Request (error code: 40060): Interaction has already been acknowledged.

The above exception was the direct cause of the following exception:

Traceback (most recent call last):
  File "D:\Projects\Game bot\discord-free-games-bot\.venv\Lib\site-packages\discord\app_commands\tree.py", line 1302, in _call
    await command._invoke_with_namespace(interaction, namespace)
  File "D:\Projects\Game bot\discord-free-games-bot\.venv\Lib\site-packages\discord\app_commands\commands.py", line 884, in _invoke_with_namespace
    return await self._do_call(interaction, transformed_values)
           ^^^^^^^^^^^^^^^^^^^^^^^^^^^^^^^^^^^^^^^^^^^^^^^^^^^^
  File "D:\Projects\Game bot\discord-free-games-bot\.venv\Lib\site-packages\discord\app_commands\commands.py", line 877, in _do_call
    raise CommandInvokeError(self, e) from e
discord.app_commands.errors.CommandInvokeError: Command 'allgames' raised an exception: HTTPException: 400 Bad Request (error code: 40060): Interaction has already been acknowledged.
[Error sending error message] 400 Bad Request (error code: 40060): Interaction has already been acknowledged.
D:\Projects\Game bot\discord-free-games-bot\bot.py:25: DeprecationWarning: datetime.datetime.utcnow() is deprecated and scheduled for removal in a future version. Use timezone-aware objects to represent datetimes in UTC: datetime.datetime.now(datetime.UTC).
  print(f"{_dt.utcnow().isoformat()}Z - Bot process started (logging redirected)")
2026-03-11T14:26:05.429707Z - Bot process started (logging redirected)
[2026-03-11 22:26:05] [INFO    ] discord.client: logging in using static token
[2026-03-11 22:26:07] [INFO    ] discord.gateway: Shard ID None has connected to Gateway (Session ID: bc881e9ab6e324befc9b68e55e81afbd).
Game Catcher#0114 has connected to Discord!
Bot is in 2 server(s)
Synced 5 slash command(s)
Started checking for free games every 1 hour(s)
Registered slash command: /commands - Show all available bot commands
Registered slash command: /epicgames - Show current Epic Games free games
Registered slash command: /steamgames - Show current Steam free games
Registered slash command: /allgames - Show all free games from both Epic and Steam
Registered slash command: /dlconly - Show only DLC/add-on giveaways
[2026-03-11 22:26:09.540781] Checking for free games...
  No new free games found.
[/allgames invoked]
[/allgames invoked]
